<?xml version="1.0" encoding="UTF-8"?>
<!-- Generated by org.testng.reporters.JUnitXMLReporter -->
<testsuite ignored="0" hostname="SunilKumarBruce" failures="1" tests="1" name="Test3" time="0.064" errors="0" timestamp="2025-09-09T20:29:13 IST">
  <testcase classname="APIChaining.UpdateUser" name="updateuser" time="0.059">
    <failure type="java.lang.NullPointerException" message="Cannot invoke &amp;quot;java.lang.Integer.intValue()&amp;quot; because the return value of &amp;quot;org.testng.ISuite.getAttribute(String)&amp;quot; is null">
      <![CDATA[java.lang.NullPointerException: Cannot invoke "java.lang.Integer.intValue()" because the return value of "org.testng.ISuite.getAttribute(String)" is null
at APIChaining.UpdateUser.updateuser(UpdateUser.java:33)
at java.base/java.util.ArrayList.forEach(ArrayList.java:1596)
... Removed 25 stack frames]]>
    </failure>
  </testcase> <!-- updateuser -->
</testsuite> <!-- Test3 -->
