<?xml version="1.0" encoding="UTF-8"?>
<!-- Generated by org.testng.reporters.JUnitReportReporter -->
<testsuite hostname="SunilKumarBruce" failures="0" tests="2" name="Diff_way_To_create_PostRequest.Using_Org_Json" time="1.792" errors="0" timestamp="2025-09-08T13:59:46 IST" skipped="0">
  <testcase classname="Diff_way_To_create_PostRequest.Using_Org_Json" name="usingOrgJson" time="1.754"/>
  <testcase classname="Diff_way_To_create_PostRequest.Using_Org_Json" name="delHashMap" time="0.038"/>
</testsuite> <!-- Diff_way_To_create_PostRequest.Using_Org_Json -->
