<?xml version="1.0" encoding="UTF-8"?>
<!-- Generated by org.testng.reporters.JUnitReportReporter -->
<testsuite hostname="SunilKumarBruce" failures="0" tests="2" name="Diff_way_To_create_PostRequest.Using_POJO" time="1.918" errors="0" timestamp="2025-09-08T14:14:07 IST" skipped="0">
  <testcase classname="Diff_way_To_create_PostRequest.Using_POJO" name="usingPOJO" time="1.880"/>
  <testcase classname="Diff_way_To_create_PostRequest.Using_POJO" name="del" time="0.038"/>
</testsuite> <!-- Diff_way_To_create_PostRequest.Using_POJO -->
