<?xml version="1.0" encoding="UTF-8"?>
<!-- Generated by org.testng.reporters.JUnitReportReporter -->
<testsuite hostname="SunilKumarBruce" failures="0" tests="2" name="Diff_way_To_create_PostRequest.Using_Hashmap" time="1.900" errors="0" timestamp="2025-09-08T13:58:42 IST" skipped="0">
  <testcase classname="Diff_way_To_create_PostRequest.Using_Hashmap" name="usingHashMap" time="1.869"/>
  <testcase classname="Diff_way_To_create_PostRequest.Using_Hashmap" name="delHashMap" time="0.031"/>
</testsuite> <!-- Diff_way_To_create_PostRequest.Using_Hashmap -->
