<?xml version="1.0" encoding="UTF-8"?>
<!-- Generated by org.testng.reporters.JUnitReportReporter -->
<testsuite hostname="SunilKumarBruce" failures="0" tests="2" name="Diff_way_To_create_PostRequest.External_JSON_File" time="1.745" errors="0" timestamp="2025-09-08T14:36:27 IST" skipped="0">
  <testcase classname="Diff_way_To_create_PostRequest.External_JSON_File" name="usingJSONFile" time="1.718"/>
  <testcase classname="Diff_way_To_create_PostRequest.External_JSON_File" name="del" time="0.027"/>
</testsuite> <!-- Diff_way_To_create_PostRequest.External_JSON_File -->
